Build started 11/23/2014 7:45:22 PM.
     1>Project "C:\Users\xinyunxing\documents\visual studio 2010\Projects\ACurves\ACurves\ACurves.vcxproj" on node 2 (build target(s)).
     1>InitializeBuildStatus:
         Creating "Debug\ACurves.unsuccessfulbuild" because "AlwaysCreate" was specified.
       ClCompile:
         C:\Program Files (x86)\Microsoft Visual Studio 10.0\VC\bin\CL.exe /c /ZI /nologo /W3 /WX- /Od /Oy- /D _MBCS /Gm /EHsc /RTC1 /MDd /GS /fp:precise /Zc:wchar_t /Zc:forScope /Fo"Debug\\" /Fd"Debug\vc100.pdb" /Gd /TP /analyze- /errorReport:prompt main.cpp
         main.cpp
     1>c:\users\xinyunxing\documents\visual studio 2010\projects\acurves\acurves\main.cpp(850): warning C4018: '<' : signed/unsigned mismatch
     1>c:\users\xinyunxing\documents\visual studio 2010\projects\acurves\acurves\main.cpp(876): warning C4018: '<' : signed/unsigned mismatch
       Link:
         C:\Program Files (x86)\Microsoft Visual Studio 10.0\VC\bin\link.exe /ERRORREPORT:PROMPT /OUT:"C:\Users\xinyunxing\documents\visual studio 2010\Projects\ACurves\Debug\ACurves.exe" /NOLOGO kernel32.lib user32.lib gdi32.lib winspool.lib comdlg32.lib advapi32.lib shell32.lib ole32.lib oleaut32.lib uuid.lib odbc32.lib odbccp32.lib /MANIFEST /ManifestFile:"Debug\ACurves.exe.intermediate.manifest" /MANIFESTUAC:"level='asInvoker' uiAccess='false'" /DEBUG /PDB:"C:\Users\xinyunxing\documents\visual studio 2010\Projects\ACurves\Debug\ACurves.pdb" /TLBID:1 /DYNAMICBASE /NXCOMPAT /IMPLIB:"C:\Users\xinyunxing\documents\visual studio 2010\Projects\ACurves\Debug\ACurves.lib" /MACHINE:X86 Debug\float2.obj
         Debug\main.obj
         Debug\perlin.obj
         LINK : C:\Users\xinyunxing\documents\visual studio 2010\Projects\ACurves\Debug\ACurves.exe not found or not built by the last incremental link; performing full link
         ACurves.vcxproj -> C:\Users\xinyunxing\documents\visual studio 2010\Projects\ACurves\Debug\ACurves.exe
       Manifest:
         C:\Program Files (x86)\Microsoft SDKs\Windows\v7.0A\bin\mt.exe /nologo /verbose /outputresource:"C:\Users\xinyunxing\documents\visual studio 2010\Projects\ACurves\Debug\ACurves.exe;#1" /manifest Debug\ACurves.exe.intermediate.manifest
       FinalizeBuildStatus:
         Deleting file "Debug\ACurves.unsuccessfulbuild".
         Touching "Debug\ACurves.lastbuildstate".
     1>Done Building Project "C:\Users\xinyunxing\documents\visual studio 2010\Projects\ACurves\ACurves\ACurves.vcxproj" (build target(s)).

Build succeeded.

Time Elapsed 00:00:06.00
